14-May-2024 12:15:26.289 INFO [main] org.apache.catalina.startup.VersionLoggerListener.log Server version name:   Apache Tomcat/8.5.95
14-May-2024 12:15:26.297 INFO [main] org.apache.catalina.startup.VersionLoggerListener.log Server built:          Oct 12 2023 00:55:53 UTC
14-May-2024 12:15:26.297 INFO [main] org.apache.catalina.startup.VersionLoggerListener.log Server version number: 8.5.95.0
14-May-2024 12:15:26.297 INFO [main] org.apache.catalina.startup.VersionLoggerListener.log OS Name:               Windows 11
14-May-2024 12:15:26.312 INFO [main] org.apache.catalina.startup.VersionLoggerListener.log OS Version:            10.0
14-May-2024 12:15:26.335 INFO [main] org.apache.catalina.startup.VersionLoggerListener.log Architecture:          amd64
14-May-2024 12:15:26.289 INFO [main] org.apache.catalina.startup.VersionLoggerListener.log Server version name:   Apache Tomcat/8.5.95
14-May-2024 12:15:26.297 INFO [main] org.apache.catalina.startup.VersionLoggerListener.log Server built:          Oct 12 2023 00:55:53 UTC
14-May-2024 12:15:26.297 INFO [main] org.apache.catalina.startup.VersionLoggerListener.log Server version number: 8.5.95.0
14-May-2024 12:15:26.338 INFO [main] org.apache.catalina.startup.VersionLoggerListener.log Java Home:             C:\Program Files\Java\jdk-19
14-May-2024 12:15:26.312 INFO [main] org.apache.catalina.startup.VersionLoggerListener.log OS Name:               Windows 11
14-May-2024 12:15:26.312 INFO [main] org.apache.catalina.startup.VersionLoggerListener.log OS Version:            10.0
14-May-2024 12:15:26.333 INFO [main] org.apache.catalina.startup.VersionLoggerListener.log Architecture:          amd64
14-May-2024 12:15:26.338 INFO [main] org.apache.catalina.startup.VersionLoggerListener.log Java Home:             C:\Program Files\Java\jdk-19
14-May-2024 12:15:26.338 INFO [main] org.apache.catalina.startup.VersionLoggerListener.log JVM Version:           19.0.1+10-21
14-May-2024 12:15:26.338 INFO [main] org.apache.catalina.startup.VersionLoggerListener.log JVM Vendor:            Oracle Corporation
14-May-2024 12:15:26.338 INFO [main] org.apache.catalina.startup.VersionLoggerListener.log CATALINA_BASE:         C:\FPT Polytechnic\Java5\Work-space-java-5\apache-tomcat-8.5.95
14-May-2024 12:15:26.338 INFO [main] org.apache.catalina.startup.VersionLoggerListener.log CATALINA_HOME:         C:\FPT Polytechnic\Java5\Work-space-java-5\apache-tomcat-8.5.95
14-May-2024 12:15:26.338 INFO [main] org.apache.catalina.startup.VersionLoggerListener.log Command line argument: --add-opens=java.base/java.lang=ALL-UNNAMED
14-May-2024 12:15:26.338 INFO [main] org.apache.catalina.startup.VersionLoggerListener.log Command line argument: --add-opens=java.base/java.io=ALL-UNNAMED
14-May-2024 12:15:26.338 INFO [main] org.apache.catalina.startup.VersionLoggerListener.log Command line argument: --add-opens=java.base/java.util=ALL-UNNAMED
14-May-2024 12:15:26.341 INFO [main] org.apache.catalina.startup.VersionLoggerListener.log Command line argument: --add-opens=java.base/java.util.concurrent=ALL-UNNAMED
14-May-2024 12:15:26.341 INFO [main] org.apache.catalina.startup.VersionLoggerListener.log JVM Version:           19.0.1+10-21
14-May-2024 12:15:26.341 INFO [main] org.apache.catalina.startup.VersionLoggerListener.log Command line argument: --add-opens=java.rmi/sun.rmi.transport=ALL-UNNAMED
14-May-2024 12:15:26.341 INFO [main] org.apache.catalina.startup.VersionLoggerListener.log JVM Vendor:            Oracle Corporation
14-May-2024 12:15:26.343 INFO [main] org.apache.catalina.startup.VersionLoggerListener.log Command line argument: -Djava.util.logging.config.file=C:\FPT Polytechnic\Java5\Work-space-java-5\apache-tomcat-8.5.95\conf\logging.properties
14-May-2024 12:15:26.343 INFO [main] org.apache.catalina.startup.VersionLoggerListener.log CATALINA_BASE:         C:\FPT Polytechnic\Java5\Work-space-java-5\apache-tomcat-8.5.95
14-May-2024 12:15:26.343 INFO [main] org.apache.catalina.startup.VersionLoggerListener.log Command line argument: -Djava.util.logging.manager=org.apache.juli.ClassLoaderLogManager
14-May-2024 12:15:26.345 INFO [main] org.apache.catalina.startup.VersionLoggerListener.log CATALINA_HOME:         C:\FPT Polytechnic\Java5\Work-space-java-5\apache-tomcat-8.5.95
14-May-2024 12:15:26.345 INFO [main] org.apache.catalina.startup.VersionLoggerListener.log Command line argument: -Djdk.tls.ephemeralDHKeySize=2048
14-May-2024 12:15:26.345 INFO [main] org.apache.catalina.startup.VersionLoggerListener.log Command line argument: -Djava.protocol.handler.pkgs=org.apache.catalina.webresources
14-May-2024 12:15:26.348 INFO [main] org.apache.catalina.startup.VersionLoggerListener.log Command line argument: --add-opens=java.base/java.lang=ALL-UNNAMED
14-May-2024 12:15:26.348 INFO [main] org.apache.catalina.startup.VersionLoggerListener.log Command line argument: -Dignore.endorsed.dirs=
14-May-2024 12:15:26.348 INFO [main] org.apache.catalina.startup.VersionLoggerListener.log Command line argument: --add-opens=java.base/java.io=ALL-UNNAMED
14-May-2024 12:15:26.354 INFO [main] org.apache.catalina.startup.VersionLoggerListener.log Command line argument: --add-opens=java.base/java.util=ALL-UNNAMED
14-May-2024 12:15:26.354 INFO [main] org.apache.catalina.startup.VersionLoggerListener.log Command line argument: -Dcatalina.base=C:\FPT Polytechnic\Java5\Work-space-java-5\apache-tomcat-8.5.95
14-May-2024 12:15:26.354 INFO [main] org.apache.catalina.startup.VersionLoggerListener.log Command line argument: --add-opens=java.base/java.util.concurrent=ALL-UNNAMED
14-May-2024 12:15:26.355 INFO [main] org.apache.catalina.startup.VersionLoggerListener.log Command line argument: -Dcatalina.home=C:\FPT Polytechnic\Java5\Work-space-java-5\apache-tomcat-8.5.95
14-May-2024 12:15:26.355 INFO [main] org.apache.catalina.startup.VersionLoggerListener.log Command line argument: --add-opens=java.rmi/sun.rmi.transport=ALL-UNNAMED
14-May-2024 12:15:26.355 INFO [main] org.apache.catalina.startup.VersionLoggerListener.log Command line argument: -Djava.io.tmpdir=C:\FPT Polytechnic\Java5\Work-space-java-5\apache-tomcat-8.5.95\temp
14-May-2024 12:15:26.356 INFO [main] org.apache.catalina.startup.VersionLoggerListener.log Command line argument: -Djava.util.logging.config.file=C:\FPT Polytechnic\Java5\Work-space-java-5\apache-tomcat-8.5.95\conf\logging.properties
14-May-2024 12:15:26.356 INFO [main] org.apache.catalina.startup.VersionLoggerListener.log Command line argument: -Djava.util.logging.manager=org.apache.juli.ClassLoaderLogManager
14-May-2024 12:15:26.356 INFO [main] org.apache.catalina.core.AprLifecycleListener.lifecycleEvent The Apache Tomcat Native library which allows using OpenSSL was not found on the java.library.path: [C:\Program Files\Java\jdk-19\bin;C:\WINDOWS\Sun\Java\bin;C:\WINDOWS\system32;C:\WINDOWS;C:\Program Files\Microsoft MPI\Bin\;C:\Program Files\Common Files\Oracle\Java\javapath;C:\ProgramData\Oracle\Java\javapath;C:\WINDOWS\system32;C:\WINDOWS;C:\WINDOWS\System32\Wbem;C:\WINDOWS\System32\WindowsPowerShell\v1.0\;C:\WINDOWS\System32\OpenSSH\;C:\Program Files\nodejs\;C:\Program Files\dotnet\;C:\Program Files (x86)\Microsoft SQL Server\160\Tools\Binn\;C:\Program Files\Microsoft SQL Server\160\Tools\Binn\;C:\Program Files\Microsoft SQL Server\Client SDK\ODBC\170\Tools\Binn\;C:\Program Files\Microsoft SQL Server\160\DTS\Binn\;C:\Program Files (x86)\Microsoft SQL Server\160\DTS\Binn\;C:\Program Files\Azure Data Studio\bin;C:\Program Files\Git\cmd;C:\Program Files\Java\jdk-19\bin;C:\Program Files\MySQL\MySQL Shell 8.0\bin\;C:\Users\Asus\AppData\Local\Programs\Python\Python310\Scripts\;C:\Users\Asus\AppData\Local\Programs\Python\Python310\;C:\Users\Asus\AppData\Local\Microsoft\WindowsApps;C:\Users\Asus\AppData\Local\Programs\Microsoft VS Code\bin;C:\Users\Asus\AppData\Roaming\npm;C:\Users\Asus\.dotnet\tools;C:\Program Files\Azure Data Studio\bin;C:\Program Files\Azure Data Studio\bin;C:\Users\Asus\AppData\Local\GitHubDesktop\bin;.]
14-May-2024 12:15:26.357 INFO [main] org.apache.catalina.startup.VersionLoggerListener.log Command line argument: -Djdk.tls.ephemeralDHKeySize=2048
14-May-2024 12:15:26.357 INFO [main] org.apache.catalina.startup.VersionLoggerListener.log Command line argument: -Djava.protocol.handler.pkgs=org.apache.catalina.webresources
14-May-2024 12:15:26.357 INFO [main] org.apache.catalina.startup.VersionLoggerListener.log Command line argument: -Dignore.endorsed.dirs=
14-May-2024 12:15:26.359 INFO [main] org.apache.catalina.startup.VersionLoggerListener.log Command line argument: -Dcatalina.base=C:\FPT Polytechnic\Java5\Work-space-java-5\apache-tomcat-8.5.95
14-May-2024 12:15:26.378 INFO [main] org.apache.catalina.startup.VersionLoggerListener.log Command line argument: -Dcatalina.home=C:\FPT Polytechnic\Java5\Work-space-java-5\apache-tomcat-8.5.95
14-May-2024 12:15:26.378 INFO [main] org.apache.catalina.startup.VersionLoggerListener.log Command line argument: -Djava.io.tmpdir=C:\FPT Polytechnic\Java5\Work-space-java-5\apache-tomcat-8.5.95\temp
14-May-2024 12:15:26.386 INFO [main] org.apache.catalina.core.AprLifecycleListener.lifecycleEvent The Apache Tomcat Native library which allows using OpenSSL was not found on the java.library.path: [C:\Program Files\Java\jdk-19\bin;C:\WINDOWS\Sun\Java\bin;C:\WINDOWS\system32;C:\WINDOWS;C:\Program Files\Microsoft MPI\Bin\;C:\Program Files\Common Files\Oracle\Java\javapath;C:\ProgramData\Oracle\Java\javapath;C:\WINDOWS\system32;C:\WINDOWS;C:\WINDOWS\System32\Wbem;C:\WINDOWS\System32\WindowsPowerShell\v1.0\;C:\WINDOWS\System32\OpenSSH\;C:\Program Files\nodejs\;C:\Program Files\dotnet\;C:\Program Files (x86)\Microsoft SQL Server\160\Tools\Binn\;C:\Program Files\Microsoft SQL Server\160\Tools\Binn\;C:\Program Files\Microsoft SQL Server\Client SDK\ODBC\170\Tools\Binn\;C:\Program Files\Microsoft SQL Server\160\DTS\Binn\;C:\Program Files (x86)\Microsoft SQL Server\160\DTS\Binn\;C:\Program Files\Azure Data Studio\bin;C:\Program Files\Git\cmd;C:\Program Files\Java\jdk-19\bin;C:\Program Files\MySQL\MySQL Shell 8.0\bin\;C:\Users\Asus\AppData\Local\Programs\Python\Python310\Scripts\;C:\Users\Asus\AppData\Local\Programs\Python\Python310\;C:\Users\Asus\AppData\Local\Microsoft\WindowsApps;C:\Users\Asus\AppData\Local\Programs\Microsoft VS Code\bin;C:\Users\Asus\AppData\Roaming\npm;C:\Users\Asus\.dotnet\tools;C:\Program Files\Azure Data Studio\bin;C:\Program Files\Azure Data Studio\bin;C:\Users\Asus\AppData\Local\GitHubDesktop\bin;.]
14-May-2024 12:15:26.445 INFO [main] org.apache.coyote.AbstractProtocol.init Initializing ProtocolHandler ["http-nio-8080"]
14-May-2024 12:15:26.477 INFO [main] org.apache.coyote.AbstractProtocol.init Initializing ProtocolHandler ["http-nio-8080"]
14-May-2024 12:15:26.477 SEVERE [main] org.apache.catalina.core.StandardService.initInternal Failed to initialize connector [Connector["http-nio-8080"]]
	org.apache.catalina.LifecycleException: Protocol handler initialization failed
		at org.apache.catalina.connector.Connector.initInternal(Connector.java:1075)
		at org.apache.catalina.util.LifecycleBase.init(LifecycleBase.java:127)
		at org.apache.catalina.core.StandardService.initInternal(StandardService.java:564)
		at org.apache.catalina.util.LifecycleBase.init(LifecycleBase.java:127)
		at org.apache.catalina.core.StandardServer.initInternal(StandardServer.java:854)
		at org.apache.catalina.util.LifecycleBase.init(LifecycleBase.java:127)
		at org.apache.catalina.startup.Catalina.load(Catalina.java:646)
		at org.apache.catalina.startup.Catalina.load(Catalina.java:669)
		at java.base/jdk.internal.reflect.DirectMethodHandleAccessor.invoke(DirectMethodHandleAccessor.java:104)
		at java.base/java.lang.reflect.Method.invoke(Method.java:578)
		at org.apache.catalina.startup.Bootstrap.load(Bootstrap.java:307)
		at org.apache.catalina.startup.Bootstrap.main(Bootstrap.java:477)
	Caused by: java.net.BindException: Address already in use: bind
		at java.base/sun.nio.ch.Net.bind0(Native Method)
		at java.base/sun.nio.ch.Net.bind(Net.java:555)
		at java.base/sun.nio.ch.ServerSocketChannelImpl.netBind(ServerSocketChannelImpl.java:344)
		at java.base/sun.nio.ch.ServerSocketChannelImpl.bind(ServerSocketChannelImpl.java:301)
		at java.base/sun.nio.ch.ServerSocketAdaptor.bind(ServerSocketAdaptor.java:89)
		at org.apache.tomcat.util.net.NioEndpoint.initServerSocket(NioEndpoint.java:226)
		at org.apache.tomcat.util.net.NioEndpoint.bind(NioEndpoint.java:202)
		at org.apache.tomcat.util.net.AbstractEndpoint.bindWithCleanup(AbstractEndpoint.java:1320)
		at org.apache.tomcat.util.net.AbstractEndpoint.init(AbstractEndpoint.java:1333)
		at org.apache.tomcat.util.net.AbstractJsseEndpoint.init(AbstractJsseEndpoint.java:231)
		at org.apache.coyote.AbstractProtocol.init(AbstractProtocol.java:695)
		at org.apache.coyote.http11.AbstractHttp11Protocol.init(AbstractHttp11Protocol.java:76)
		at org.apache.catalina.connector.Connector.initInternal(Connector.java:1073)
		... 11 more
14-May-2024 12:15:26.493 INFO [main] org.apache.catalina.startup.Catalina.load Initialization processed in 1562 ms
14-May-2024 12:15:26.495 SEVERE [main] org.apache.catalina.core.StandardService.initInternal Failed to initialize connector [Connector["http-nio-8080"]]
	org.apache.catalina.LifecycleException: Protocol handler initialization failed
		at org.apache.catalina.connector.Connector.initInternal(Connector.java:1075)
		at org.apache.catalina.util.LifecycleBase.init(LifecycleBase.java:127)
		at org.apache.catalina.core.StandardService.initInternal(StandardService.java:564)
		at org.apache.catalina.util.LifecycleBase.init(LifecycleBase.java:127)
		at org.apache.catalina.core.StandardServer.initInternal(StandardServer.java:854)
		at org.apache.catalina.util.LifecycleBase.init(LifecycleBase.java:127)
		at org.apache.catalina.startup.Catalina.load(Catalina.java:646)
		at org.apache.catalina.startup.Catalina.load(Catalina.java:669)
		at java.base/jdk.internal.reflect.DirectMethodHandleAccessor.invoke(DirectMethodHandleAccessor.java:104)
		at java.base/java.lang.reflect.Method.invoke(Method.java:578)
		at org.apache.catalina.startup.Bootstrap.load(Bootstrap.java:307)
		at org.apache.catalina.startup.Bootstrap.main(Bootstrap.java:477)
	Caused by: java.net.BindException: Address already in use: bind
		at java.base/sun.nio.ch.Net.bind0(Native Method)
		at java.base/sun.nio.ch.Net.bind(Net.java:555)
		at java.base/sun.nio.ch.ServerSocketChannelImpl.netBind(ServerSocketChannelImpl.java:344)
		at java.base/sun.nio.ch.ServerSocketChannelImpl.bind(ServerSocketChannelImpl.java:301)
		at java.base/sun.nio.ch.ServerSocketAdaptor.bind(ServerSocketAdaptor.java:89)
		at org.apache.tomcat.util.net.NioEndpoint.initServerSocket(NioEndpoint.java:226)
		at org.apache.tomcat.util.net.NioEndpoint.bind(NioEndpoint.java:202)
		at org.apache.tomcat.util.net.AbstractEndpoint.bindWithCleanup(AbstractEndpoint.java:1320)
		at org.apache.tomcat.util.net.AbstractEndpoint.init(AbstractEndpoint.java:1333)
		at org.apache.tomcat.util.net.AbstractJsseEndpoint.init(AbstractJsseEndpoint.java:231)
		at org.apache.coyote.AbstractProtocol.init(AbstractProtocol.java:695)
		at org.apache.coyote.http11.AbstractHttp11Protocol.init(AbstractHttp11Protocol.java:76)
		at org.apache.catalina.connector.Connector.initInternal(Connector.java:1073)
		... 11 more
14-May-2024 12:15:26.506 INFO [main] org.apache.catalina.startup.Catalina.load Initialization processed in 1576 ms
14-May-2024 12:15:26.612 INFO [main] org.apache.catalina.core.StandardService.startInternal Starting service [Catalina]
14-May-2024 12:15:26.612 INFO [main] org.apache.catalina.core.StandardService.startInternal Starting service [Catalina]
14-May-2024 12:15:26.621 INFO [main] org.apache.catalina.core.StandardEngine.startInternal Starting Servlet engine: [Apache Tomcat/8.5.95]
14-May-2024 12:15:26.621 INFO [main] org.apache.catalina.core.StandardEngine.startInternal Starting Servlet engine: [Apache Tomcat/8.5.95]
14-May-2024 12:15:26.682 INFO [localhost-startStop-1] org.apache.catalina.startup.HostConfig.deployWAR Deploying web application archive [C:\FPT Polytechnic\Java5\Work-space-java-5\apache-tomcat-8.5.95\webapps\Lombok.war]
14-May-2024 12:15:26.682 INFO [localhost-startStop-1] org.apache.catalina.startup.HostConfig.deployWAR Deploying web application archive [C:\FPT Polytechnic\Java5\Work-space-java-5\apache-tomcat-8.5.95\webapps\Lombok.war]
14-May-2024 12:15:27.392 WARNING [localhost-startStop-1] org.apache.tomcat.util.descriptor.web.WebXml.setVersion Unknown version string [5.0]. Default version will be used.
14-May-2024 12:15:30.715 INFO [localhost-startStop-1] org.apache.jasper.servlet.TldScanner.scanJars At least one JAR was scanned for TLDs yet contained no TLDs. Enable debug logging for this logger for a complete list of JARs that were scanned but no TLDs were found in them. Skipping unneeded JARs during scanning can improve startup time and JSP compilation time.
14-May-2024 12:15:30.810 INFO [localhost-startStop-1] org.apache.catalina.startup.HostConfig.deployWAR Deployment of web application archive [C:\FPT Polytechnic\Java5\Work-space-java-5\apache-tomcat-8.5.95\webapps\Lombok.war] has finished in [4,128] ms
14-May-2024 12:15:30.826 INFO [localhost-startStop-1] org.apache.catalina.startup.HostConfig.deployDirectory Deploying web application directory [C:\FPT Polytechnic\Java5\Work-space-java-5\apache-tomcat-8.5.95\webapps\docs]
14-May-2024 12:15:30.873 INFO [localhost-startStop-1] org.apache.catalina.startup.HostConfig.deployDirectory Deployment of web application directory [C:\FPT Polytechnic\Java5\Work-space-java-5\apache-tomcat-8.5.95\webapps\docs] has finished in [47] ms
14-May-2024 12:15:30.873 INFO [localhost-startStop-1] org.apache.catalina.startup.HostConfig.deployDirectory Deploying web application directory [C:\FPT Polytechnic\Java5\Work-space-java-5\apache-tomcat-8.5.95\webapps\examples]
14-May-2024 12:15:31.841 INFO [localhost-startStop-1] org.apache.catalina.startup.HostConfig.deployDirectory Deployment of web application directory [C:\FPT Polytechnic\Java5\Work-space-java-5\apache-tomcat-8.5.95\webapps\examples] has finished in [968] ms
14-May-2024 12:15:31.841 INFO [localhost-startStop-1] org.apache.catalina.startup.HostConfig.deployDirectory Deploying web application directory [C:\FPT Polytechnic\Java5\Work-space-java-5\apache-tomcat-8.5.95\webapps\host-manager]
14-May-2024 12:15:31.910 INFO [localhost-startStop-1] org.apache.catalina.startup.HostConfig.deployDirectory Deployment of web application directory [C:\FPT Polytechnic\Java5\Work-space-java-5\apache-tomcat-8.5.95\webapps\host-manager] has finished in [69] ms
14-May-2024 12:15:31.910 INFO [localhost-startStop-1] org.apache.catalina.startup.HostConfig.deployDirectory Deploying web application directory [C:\FPT Polytechnic\Java5\Work-space-java-5\apache-tomcat-8.5.95\webapps\manager]
14-May-2024 12:15:31.985 INFO [localhost-startStop-1] org.apache.catalina.startup.HostConfig.deployDirectory Deployment of web application directory [C:\FPT Polytechnic\Java5\Work-space-java-5\apache-tomcat-8.5.95\webapps\manager] has finished in [75] ms
14-May-2024 12:15:31.985 INFO [localhost-startStop-1] org.apache.catalina.startup.HostConfig.deployDirectory Deploying web application directory [C:\FPT Polytechnic\Java5\Work-space-java-5\apache-tomcat-8.5.95\webapps\ROOT]
14-May-2024 12:15:32.041 INFO [localhost-startStop-1] org.apache.catalina.startup.HostConfig.deployDirectory Deployment of web application directory [C:\FPT Polytechnic\Java5\Work-space-java-5\apache-tomcat-8.5.95\webapps\ROOT] has finished in [56] ms
14-May-2024 12:15:32.041 INFO [main] org.apache.catalina.startup.Catalina.start Server startup in 5535 ms
14-May-2024 12:19:39.505 INFO [main] org.apache.catalina.startup.VersionLoggerListener.log Server version name:   Apache Tomcat/8.5.95
14-May-2024 12:19:39.508 INFO [main] org.apache.catalina.startup.VersionLoggerListener.log Server built:          Oct 12 2023 00:55:53 UTC
14-May-2024 12:19:39.508 INFO [main] org.apache.catalina.startup.VersionLoggerListener.log Server version number: 8.5.95.0
14-May-2024 12:19:39.508 INFO [main] org.apache.catalina.startup.VersionLoggerListener.log OS Name:               Windows 11
14-May-2024 12:19:39.509 INFO [main] org.apache.catalina.startup.VersionLoggerListener.log OS Version:            10.0
14-May-2024 12:19:39.509 INFO [main] org.apache.catalina.startup.VersionLoggerListener.log Architecture:          amd64
14-May-2024 12:19:39.509 INFO [main] org.apache.catalina.startup.VersionLoggerListener.log Java Home:             C:\Program Files\Java\jdk-19
14-May-2024 12:19:39.509 INFO [main] org.apache.catalina.startup.VersionLoggerListener.log JVM Version:           19.0.1+10-21
14-May-2024 12:19:39.510 INFO [main] org.apache.catalina.startup.VersionLoggerListener.log JVM Vendor:            Oracle Corporation
14-May-2024 12:19:39.510 INFO [main] org.apache.catalina.startup.VersionLoggerListener.log CATALINA_BASE:         C:\FPT Polytechnic\Java5\Work-space-java-5\apache-tomcat-8.5.95
14-May-2024 12:19:39.510 INFO [main] org.apache.catalina.startup.VersionLoggerListener.log CATALINA_HOME:         C:\FPT Polytechnic\Java5\Work-space-java-5\apache-tomcat-8.5.95
14-May-2024 12:19:39.515 INFO [main] org.apache.catalina.startup.VersionLoggerListener.log Command line argument: --add-opens=java.base/java.lang=ALL-UNNAMED
14-May-2024 12:19:39.517 INFO [main] org.apache.catalina.startup.VersionLoggerListener.log Command line argument: --add-opens=java.base/java.io=ALL-UNNAMED
14-May-2024 12:19:39.517 INFO [main] org.apache.catalina.startup.VersionLoggerListener.log Command line argument: --add-opens=java.base/java.util=ALL-UNNAMED
14-May-2024 12:19:39.518 INFO [main] org.apache.catalina.startup.VersionLoggerListener.log Command line argument: --add-opens=java.base/java.util.concurrent=ALL-UNNAMED
14-May-2024 12:19:39.519 INFO [main] org.apache.catalina.startup.VersionLoggerListener.log Command line argument: --add-opens=java.rmi/sun.rmi.transport=ALL-UNNAMED
14-May-2024 12:19:39.523 INFO [main] org.apache.catalina.startup.VersionLoggerListener.log Command line argument: -Djava.util.logging.config.file=C:\FPT Polytechnic\Java5\Work-space-java-5\apache-tomcat-8.5.95\conf\logging.properties
14-May-2024 12:19:39.523 INFO [main] org.apache.catalina.startup.VersionLoggerListener.log Command line argument: -Djava.util.logging.manager=org.apache.juli.ClassLoaderLogManager
14-May-2024 12:19:39.523 INFO [main] org.apache.catalina.startup.VersionLoggerListener.log Command line argument: -Djdk.tls.ephemeralDHKeySize=2048
14-May-2024 12:19:39.523 INFO [main] org.apache.catalina.startup.VersionLoggerListener.log Command line argument: -Djava.protocol.handler.pkgs=org.apache.catalina.webresources
14-May-2024 12:19:39.525 INFO [main] org.apache.catalina.startup.VersionLoggerListener.log Command line argument: -Dignore.endorsed.dirs=
14-May-2024 12:19:39.525 INFO [main] org.apache.catalina.startup.VersionLoggerListener.log Command line argument: -Dcatalina.base=C:\FPT Polytechnic\Java5\Work-space-java-5\apache-tomcat-8.5.95
14-May-2024 12:19:39.526 INFO [main] org.apache.catalina.startup.VersionLoggerListener.log Command line argument: -Dcatalina.home=C:\FPT Polytechnic\Java5\Work-space-java-5\apache-tomcat-8.5.95
14-May-2024 12:19:39.526 INFO [main] org.apache.catalina.startup.VersionLoggerListener.log Command line argument: -Djava.io.tmpdir=C:\FPT Polytechnic\Java5\Work-space-java-5\apache-tomcat-8.5.95\temp
14-May-2024 12:19:39.526 INFO [main] org.apache.catalina.core.AprLifecycleListener.lifecycleEvent The Apache Tomcat Native library which allows using OpenSSL was not found on the java.library.path: [C:\Program Files\Java\jdk-19\bin;C:\WINDOWS\Sun\Java\bin;C:\WINDOWS\system32;C:\WINDOWS;C:\Program Files\Microsoft MPI\Bin\;C:\Program Files\Common Files\Oracle\Java\javapath;C:\ProgramData\Oracle\Java\javapath;C:\WINDOWS\system32;C:\WINDOWS;C:\WINDOWS\System32\Wbem;C:\WINDOWS\System32\WindowsPowerShell\v1.0\;C:\WINDOWS\System32\OpenSSH\;C:\Program Files\nodejs\;C:\Program Files\dotnet\;C:\Program Files (x86)\Microsoft SQL Server\160\Tools\Binn\;C:\Program Files\Microsoft SQL Server\160\Tools\Binn\;C:\Program Files\Microsoft SQL Server\Client SDK\ODBC\170\Tools\Binn\;C:\Program Files\Microsoft SQL Server\160\DTS\Binn\;C:\Program Files (x86)\Microsoft SQL Server\160\DTS\Binn\;C:\Program Files\Azure Data Studio\bin;C:\Program Files\Git\cmd;C:\Program Files\Java\jdk-19\bin;C:\Program Files\MySQL\MySQL Shell 8.0\bin\;C:\Users\Asus\AppData\Local\Programs\Python\Python310\Scripts\;C:\Users\Asus\AppData\Local\Programs\Python\Python310\;C:\Users\Asus\AppData\Local\Microsoft\WindowsApps;C:\Users\Asus\AppData\Local\Programs\Microsoft VS Code\bin;C:\Users\Asus\AppData\Roaming\npm;C:\Users\Asus\.dotnet\tools;C:\Program Files\Azure Data Studio\bin;C:\Program Files\Azure Data Studio\bin;C:\Users\Asus\AppData\Local\GitHubDesktop\bin;.]
14-May-2024 12:19:39.603 INFO [main] org.apache.coyote.AbstractProtocol.init Initializing ProtocolHandler ["http-nio-8080"]
14-May-2024 12:19:39.652 INFO [main] org.apache.catalina.startup.Catalina.load Initialization processed in 810 ms
14-May-2024 12:19:39.737 INFO [main] org.apache.catalina.core.StandardService.startInternal Starting service [Catalina]
14-May-2024 12:19:39.739 INFO [main] org.apache.catalina.core.StandardEngine.startInternal Starting Servlet engine: [Apache Tomcat/8.5.95]
14-May-2024 12:19:39.779 INFO [localhost-startStop-1] org.apache.catalina.startup.HostConfig.deployWAR Deploying web application archive [C:\FPT Polytechnic\Java5\Work-space-java-5\apache-tomcat-8.5.95\webapps\Lombok.war]
14-May-2024 12:19:40.348 WARNING [localhost-startStop-1] org.apache.tomcat.util.descriptor.web.WebXml.setVersion Unknown version string [5.0]. Default version will be used.
14-May-2024 12:19:42.260 INFO [localhost-startStop-1] org.apache.jasper.servlet.TldScanner.scanJars At least one JAR was scanned for TLDs yet contained no TLDs. Enable debug logging for this logger for a complete list of JARs that were scanned but no TLDs were found in them. Skipping unneeded JARs during scanning can improve startup time and JSP compilation time.
14-May-2024 12:19:42.352 INFO [localhost-startStop-1] org.apache.catalina.startup.HostConfig.deployWAR Deployment of web application archive [C:\FPT Polytechnic\Java5\Work-space-java-5\apache-tomcat-8.5.95\webapps\Lombok.war] has finished in [2,573] ms
14-May-2024 12:19:42.353 INFO [localhost-startStop-1] org.apache.catalina.startup.HostConfig.deployDirectory Deploying web application directory [C:\FPT Polytechnic\Java5\Work-space-java-5\apache-tomcat-8.5.95\webapps\docs]
14-May-2024 12:19:42.405 INFO [localhost-startStop-1] org.apache.catalina.startup.HostConfig.deployDirectory Deployment of web application directory [C:\FPT Polytechnic\Java5\Work-space-java-5\apache-tomcat-8.5.95\webapps\docs] has finished in [52] ms
14-May-2024 12:19:42.405 INFO [localhost-startStop-1] org.apache.catalina.startup.HostConfig.deployDirectory Deploying web application directory [C:\FPT Polytechnic\Java5\Work-space-java-5\apache-tomcat-8.5.95\webapps\examples]
14-May-2024 12:19:42.911 INFO [localhost-startStop-1] org.apache.catalina.startup.HostConfig.deployDirectory Deployment of web application directory [C:\FPT Polytechnic\Java5\Work-space-java-5\apache-tomcat-8.5.95\webapps\examples] has finished in [506] ms
14-May-2024 12:19:42.911 INFO [localhost-startStop-1] org.apache.catalina.startup.HostConfig.deployDirectory Deploying web application directory [C:\FPT Polytechnic\Java5\Work-space-java-5\apache-tomcat-8.5.95\webapps\host-manager]
14-May-2024 12:19:42.962 INFO [localhost-startStop-1] org.apache.catalina.startup.HostConfig.deployDirectory Deployment of web application directory [C:\FPT Polytechnic\Java5\Work-space-java-5\apache-tomcat-8.5.95\webapps\host-manager] has finished in [50] ms
14-May-2024 12:19:42.962 INFO [localhost-startStop-1] org.apache.catalina.startup.HostConfig.deployDirectory Deploying web application directory [C:\FPT Polytechnic\Java5\Work-space-java-5\apache-tomcat-8.5.95\webapps\manager]
14-May-2024 12:19:43.004 INFO [localhost-startStop-1] org.apache.catalina.startup.HostConfig.deployDirectory Deployment of web application directory [C:\FPT Polytechnic\Java5\Work-space-java-5\apache-tomcat-8.5.95\webapps\manager] has finished in [42] ms
14-May-2024 12:19:43.005 INFO [localhost-startStop-1] org.apache.catalina.startup.HostConfig.deployDirectory Deploying web application directory [C:\FPT Polytechnic\Java5\Work-space-java-5\apache-tomcat-8.5.95\webapps\ROOT]
14-May-2024 12:19:43.035 INFO [localhost-startStop-1] org.apache.catalina.startup.HostConfig.deployDirectory Deployment of web application directory [C:\FPT Polytechnic\Java5\Work-space-java-5\apache-tomcat-8.5.95\webapps\ROOT] has finished in [30] ms
14-May-2024 12:19:43.038 INFO [main] org.apache.coyote.AbstractProtocol.start Starting ProtocolHandler ["http-nio-8080"]
14-May-2024 12:19:43.101 INFO [main] org.apache.catalina.startup.Catalina.start Server startup in 3445 ms
14-May-2024 12:21:36.517 INFO [main] org.apache.catalina.core.StandardServer.await A valid shutdown command was received via the shutdown port. Stopping the Server instance.
14-May-2024 12:21:36.519 INFO [main] org.apache.coyote.AbstractProtocol.pause Pausing ProtocolHandler ["http-nio-8080"]
14-May-2024 12:21:36.532 INFO [main] org.apache.catalina.core.StandardService.stopInternal Stopping service [Catalina]
14-May-2024 12:21:36.581 INFO [main] org.apache.coyote.AbstractProtocol.stop Stopping ProtocolHandler ["http-nio-8080"]
14-May-2024 12:21:36.591 INFO [main] org.apache.coyote.AbstractProtocol.destroy Destroying ProtocolHandler ["http-nio-8080"]
14-May-2024 12:21:54.011 INFO [main] org.apache.catalina.startup.VersionLoggerListener.log Server version name:   Apache Tomcat/8.5.95
14-May-2024 12:21:54.019 INFO [main] org.apache.catalina.startup.VersionLoggerListener.log Server built:          Oct 12 2023 00:55:53 UTC
14-May-2024 12:21:54.019 INFO [main] org.apache.catalina.startup.VersionLoggerListener.log Server version number: 8.5.95.0
14-May-2024 12:21:54.022 INFO [main] org.apache.catalina.startup.VersionLoggerListener.log OS Name:               Windows 11
14-May-2024 12:21:54.022 INFO [main] org.apache.catalina.startup.VersionLoggerListener.log OS Version:            10.0
14-May-2024 12:21:54.022 INFO [main] org.apache.catalina.startup.VersionLoggerListener.log Architecture:          amd64
14-May-2024 12:21:54.022 INFO [main] org.apache.catalina.startup.VersionLoggerListener.log Java Home:             C:\Program Files\Java\jdk-19
14-May-2024 12:21:54.022 INFO [main] org.apache.catalina.startup.VersionLoggerListener.log JVM Version:           19.0.1+10-21
14-May-2024 12:21:54.022 INFO [main] org.apache.catalina.startup.VersionLoggerListener.log JVM Vendor:            Oracle Corporation
14-May-2024 12:21:54.022 INFO [main] org.apache.catalina.startup.VersionLoggerListener.log CATALINA_BASE:         C:\FPT Polytechnic\Java5\Work-space-java-5\apache-tomcat-8.5.95
14-May-2024 12:21:54.022 INFO [main] org.apache.catalina.startup.VersionLoggerListener.log CATALINA_HOME:         C:\FPT Polytechnic\Java5\Work-space-java-5\apache-tomcat-8.5.95
14-May-2024 12:21:54.022 INFO [main] org.apache.catalina.startup.VersionLoggerListener.log Command line argument: --add-opens=java.base/java.lang=ALL-UNNAMED
14-May-2024 12:21:54.022 INFO [main] org.apache.catalina.startup.VersionLoggerListener.log Command line argument: --add-opens=java.base/java.io=ALL-UNNAMED
14-May-2024 12:21:54.022 INFO [main] org.apache.catalina.startup.VersionLoggerListener.log Command line argument: --add-opens=java.base/java.util=ALL-UNNAMED
14-May-2024 12:21:54.022 INFO [main] org.apache.catalina.startup.VersionLoggerListener.log Command line argument: --add-opens=java.base/java.util.concurrent=ALL-UNNAMED
14-May-2024 12:21:54.022 INFO [main] org.apache.catalina.startup.VersionLoggerListener.log Command line argument: --add-opens=java.rmi/sun.rmi.transport=ALL-UNNAMED
14-May-2024 12:21:54.022 INFO [main] org.apache.catalina.startup.VersionLoggerListener.log Command line argument: -Djava.util.logging.config.file=C:\FPT Polytechnic\Java5\Work-space-java-5\apache-tomcat-8.5.95\conf\logging.properties
14-May-2024 12:21:54.027 INFO [main] org.apache.catalina.startup.VersionLoggerListener.log Command line argument: -Djava.util.logging.manager=org.apache.juli.ClassLoaderLogManager
14-May-2024 12:21:54.027 INFO [main] org.apache.catalina.startup.VersionLoggerListener.log Command line argument: -Djdk.tls.ephemeralDHKeySize=2048
14-May-2024 12:21:54.027 INFO [main] org.apache.catalina.startup.VersionLoggerListener.log Command line argument: -Djava.protocol.handler.pkgs=org.apache.catalina.webresources
14-May-2024 12:21:54.027 INFO [main] org.apache.catalina.startup.VersionLoggerListener.log Command line argument: -Dignore.endorsed.dirs=
14-May-2024 12:21:54.027 INFO [main] org.apache.catalina.startup.VersionLoggerListener.log Command line argument: -Dcatalina.base=C:\FPT Polytechnic\Java5\Work-space-java-5\apache-tomcat-8.5.95
14-May-2024 12:21:54.035 INFO [main] org.apache.catalina.startup.VersionLoggerListener.log Command line argument: -Dcatalina.home=C:\FPT Polytechnic\Java5\Work-space-java-5\apache-tomcat-8.5.95
14-May-2024 12:21:54.036 INFO [main] org.apache.catalina.startup.VersionLoggerListener.log Command line argument: -Djava.io.tmpdir=C:\FPT Polytechnic\Java5\Work-space-java-5\apache-tomcat-8.5.95\temp
14-May-2024 12:21:54.036 INFO [main] org.apache.catalina.core.AprLifecycleListener.lifecycleEvent The Apache Tomcat Native library which allows using OpenSSL was not found on the java.library.path: [C:\Program Files\Java\jdk-19\bin;C:\WINDOWS\Sun\Java\bin;C:\WINDOWS\system32;C:\WINDOWS;C:\Program Files\Microsoft MPI\Bin\;C:\Program Files\Common Files\Oracle\Java\javapath;C:\ProgramData\Oracle\Java\javapath;C:\WINDOWS\system32;C:\WINDOWS;C:\WINDOWS\System32\Wbem;C:\WINDOWS\System32\WindowsPowerShell\v1.0\;C:\WINDOWS\System32\OpenSSH\;C:\Program Files\nodejs\;C:\Program Files\dotnet\;C:\Program Files (x86)\Microsoft SQL Server\160\Tools\Binn\;C:\Program Files\Microsoft SQL Server\160\Tools\Binn\;C:\Program Files\Microsoft SQL Server\Client SDK\ODBC\170\Tools\Binn\;C:\Program Files\Microsoft SQL Server\160\DTS\Binn\;C:\Program Files (x86)\Microsoft SQL Server\160\DTS\Binn\;C:\Program Files\Azure Data Studio\bin;C:\Program Files\Git\cmd;C:\Program Files\Java\jdk-19\bin;C:\Program Files\MySQL\MySQL Shell 8.0\bin\;C:\Users\Asus\AppData\Local\Programs\Python\Python310\Scripts\;C:\Users\Asus\AppData\Local\Programs\Python\Python310\;C:\Users\Asus\AppData\Local\Microsoft\WindowsApps;C:\Users\Asus\AppData\Local\Programs\Microsoft VS Code\bin;C:\Users\Asus\AppData\Roaming\npm;C:\Users\Asus\.dotnet\tools;C:\Program Files\Azure Data Studio\bin;C:\Program Files\Azure Data Studio\bin;C:\Users\Asus\AppData\Local\GitHubDesktop\bin;.]
14-May-2024 12:21:54.187 INFO [main] org.apache.coyote.AbstractProtocol.init Initializing ProtocolHandler ["http-nio-8080"]
14-May-2024 12:21:54.258 INFO [main] org.apache.catalina.startup.Catalina.load Initialization processed in 1039 ms
14-May-2024 12:21:54.342 INFO [main] org.apache.catalina.core.StandardService.startInternal Starting service [Catalina]
14-May-2024 12:21:54.342 INFO [main] org.apache.catalina.core.StandardEngine.startInternal Starting Servlet engine: [Apache Tomcat/8.5.95]
14-May-2024 12:21:54.371 INFO [localhost-startStop-1] org.apache.catalina.startup.HostConfig.deployWAR Deploying web application archive [C:\FPT Polytechnic\Java5\Work-space-java-5\apache-tomcat-8.5.95\webapps\Lombok.war]
14-May-2024 12:21:54.863 WARNING [localhost-startStop-1] org.apache.tomcat.util.descriptor.web.WebXml.setVersion Unknown version string [5.0]. Default version will be used.
14-May-2024 12:21:57.392 INFO [localhost-startStop-1] org.apache.jasper.servlet.TldScanner.scanJars At least one JAR was scanned for TLDs yet contained no TLDs. Enable debug logging for this logger for a complete list of JARs that were scanned but no TLDs were found in them. Skipping unneeded JARs during scanning can improve startup time and JSP compilation time.
14-May-2024 12:21:57.502 INFO [localhost-startStop-1] org.apache.catalina.startup.HostConfig.deployWAR Deployment of web application archive [C:\FPT Polytechnic\Java5\Work-space-java-5\apache-tomcat-8.5.95\webapps\Lombok.war] has finished in [3,131] ms
14-May-2024 12:21:57.502 INFO [localhost-startStop-1] org.apache.catalina.startup.HostConfig.deployDirectory Deploying web application directory [C:\FPT Polytechnic\Java5\Work-space-java-5\apache-tomcat-8.5.95\webapps\docs]
14-May-2024 12:21:57.577 INFO [localhost-startStop-1] org.apache.catalina.startup.HostConfig.deployDirectory Deployment of web application directory [C:\FPT Polytechnic\Java5\Work-space-java-5\apache-tomcat-8.5.95\webapps\docs] has finished in [75] ms
14-May-2024 12:21:57.578 INFO [localhost-startStop-1] org.apache.catalina.startup.HostConfig.deployDirectory Deploying web application directory [C:\FPT Polytechnic\Java5\Work-space-java-5\apache-tomcat-8.5.95\webapps\examples]
14-May-2024 12:21:58.261 INFO [localhost-startStop-1] org.apache.catalina.startup.HostConfig.deployDirectory Deployment of web application directory [C:\FPT Polytechnic\Java5\Work-space-java-5\apache-tomcat-8.5.95\webapps\examples] has finished in [683] ms
14-May-2024 12:21:58.265 INFO [localhost-startStop-1] org.apache.catalina.startup.HostConfig.deployDirectory Deploying web application directory [C:\FPT Polytechnic\Java5\Work-space-java-5\apache-tomcat-8.5.95\webapps\host-manager]
14-May-2024 12:21:58.342 INFO [localhost-startStop-1] org.apache.catalina.startup.HostConfig.deployDirectory Deployment of web application directory [C:\FPT Polytechnic\Java5\Work-space-java-5\apache-tomcat-8.5.95\webapps\host-manager] has finished in [77] ms
14-May-2024 12:21:58.342 INFO [localhost-startStop-1] org.apache.catalina.startup.HostConfig.deployDirectory Deploying web application directory [C:\FPT Polytechnic\Java5\Work-space-java-5\apache-tomcat-8.5.95\webapps\manager]
14-May-2024 12:21:58.406 INFO [localhost-startStop-1] org.apache.catalina.startup.HostConfig.deployDirectory Deployment of web application directory [C:\FPT Polytechnic\Java5\Work-space-java-5\apache-tomcat-8.5.95\webapps\manager] has finished in [64] ms
14-May-2024 12:21:58.406 INFO [localhost-startStop-1] org.apache.catalina.startup.HostConfig.deployDirectory Deploying web application directory [C:\FPT Polytechnic\Java5\Work-space-java-5\apache-tomcat-8.5.95\webapps\ROOT]
14-May-2024 12:21:58.442 INFO [localhost-startStop-1] org.apache.catalina.startup.HostConfig.deployDirectory Deployment of web application directory [C:\FPT Polytechnic\Java5\Work-space-java-5\apache-tomcat-8.5.95\webapps\ROOT] has finished in [36] ms
14-May-2024 12:21:58.455 INFO [main] org.apache.coyote.AbstractProtocol.start Starting ProtocolHandler ["http-nio-8080"]
14-May-2024 12:21:58.521 INFO [main] org.apache.catalina.startup.Catalina.start Server startup in 4261 ms
14-May-2024 12:23:20.371 SEVERE [main] org.apache.catalina.startup.Catalina.stopServer Could not contact [localhost:8005] (base port [8005] and offset [0]). Tomcat may not be running.
